

-------- Grammar --------

rule 1 zoneshow: defx effx
rule 2 zoneshow: DEFINED NODEFINED EFFECTIVE NOEFFECTIVE
rule 3 defx: DEFINED cfgs zones aliass
rule 4 effx: EFFECTIVE CFG NAME ezones
rule 5 cfgs: cfgs cfg
rule 6 cfgs: 
rule 7 cfg: CFG NAME zns
rule 8 zns: zns ";" NAME
rule 9 zns: NAME
rule 10 zones: zones zone
rule 11 zones: 
rule 12 zone: ZONE NAME ans
rule 13 ans: ans ";" an
rule 14 ans: an
rule 15 ans: 
rule 16 an: NAME
rule 17 an: PORT
rule 18 an: WWPN
rule 19 aliass: aliass alias
rule 20 aliass: 
rule 21 alias: ALIAS NAME aps
rule 22 aps: aps ";" ap
rule 23 aps: ap
rule 24 aps: 
rule 25 ap: PORT
rule 26 ap: WWPN
rule 27 ezones: ezones ezone
rule 28 ezones: 
rule 29 ezone: ZONE NAME ports
rule 30 ports: ports port
rule 31 ports: 
rule 32 port: PORT
rule 33 port: WWPN

------- Symbols -------

**Nonterminals, with rules where they appear

  $start (13)
    on right: 
    on left : 
  zoneshow (14)
    on right: 
    on left : 1 2
  defx (15)
    on right: 1
    on left : 3
  effx (16)
    on right: 1
    on left : 4
  cfgs (17)
    on right: 3 5
    on left : 5 6
  zones (18)
    on right: 3 10
    on left : 10 11
  aliass (19)
    on right: 3 19
    on left : 19 20
  ezones (20)
    on right: 4 27
    on left : 27 28
  cfg (21)
    on right: 5
    on left : 7
  zns (22)
    on right: 7 8
    on left : 8 9
  zone (23)
    on right: 10
    on left : 12
  ans (24)
    on right: 12 13
    on left : 13 14 15
  an (25)
    on right: 13 14
    on left : 16 17 18
  alias (26)
    on right: 19
    on left : 21
  aps (27)
    on right: 21 22
    on left : 22 23 24
  ap (28)
    on right: 22 23
    on left : 25 26
  ezone (29)
    on right: 27
    on left : 29
  ports (30)
    on right: 29 30
    on left : 30 31
  port (31)
    on right: 30
    on left : 32 33

**Terminals, with rules where they appear

  $end (0) 
  error (1) 
  DEFINED (2) 2 3
  NODEFINED (3) 2
  EFFECTIVE (4) 2 4
  NOEFFECTIVE (5) 2
  CFG (6) 4 7
  NAME (7) 4 7 8 9 12 16 21 29
  ";" (8) 8 13 22
  ZONE (9) 12 29
  PORT (10) 17 25 32
  WWPN (11) 18 26 33
  ALIAS (12) 21

--------- State ---------

state 0


  DEFINED       shift, and go to state 3

  zoneshow      go to state 1
  defx          go to state 2

state 1


  $end          shift, and go to state 4


state 2

   1) zoneshow : defx _ effx

  EFFECTIVE     shift, and go to state 6

  effx          go to state 5

state 3

   2) zoneshow : DEFINED _ NODEFINED EFFECTIVE NOEFFECTIVE
   3) defx : DEFINED _ cfgs zones aliass

  NODEFINED     shift, and go to state 7
  $default      reduce using rule 6 (cfgs)

  cfgs          go to state 8

state 4


  $end          shift, and go to state 9


state 5

   1) zoneshow : defx effx _

  $default      reduce using rule 1 (zoneshow)


state 6

   4) effx : EFFECTIVE _ CFG NAME ezones

  CFG           shift, and go to state 10


state 7

   2) zoneshow : DEFINED NODEFINED _ EFFECTIVE NOEFFECTIVE

  EFFECTIVE     shift, and go to state 11


state 8

   3) defx : DEFINED cfgs _ zones aliass
   5) cfgs : cfgs _ cfg

  CFG           shift, and go to state 14
  $default      reduce using rule 11 (zones)

  zones         go to state 12
  cfg           go to state 13

state 9


  $default      accept


state 10

   4) effx : EFFECTIVE CFG _ NAME ezones

  NAME          shift, and go to state 15


state 11

   2) zoneshow : DEFINED NODEFINED EFFECTIVE _ NOEFFECTIVE

  NOEFFECTIVE   shift, and go to state 16


state 12

   3) defx : DEFINED cfgs zones _ aliass
  10) zones : zones _ zone

  ZONE          shift, and go to state 19
  $default      reduce using rule 20 (aliass)

  aliass        go to state 17
  zone          go to state 18

state 13

   5) cfgs : cfgs cfg _

  $default      reduce using rule 5 (cfgs)


state 14

   7) cfg : CFG _ NAME zns

  NAME          shift, and go to state 20


state 15

   4) effx : EFFECTIVE CFG NAME _ ezones

  $default      reduce using rule 28 (ezones)

  ezones        go to state 21

state 16

   2) zoneshow : DEFINED NODEFINED EFFECTIVE NOEFFECTIVE _

  $default      reduce using rule 2 (zoneshow)


state 17

   3) defx : DEFINED cfgs zones aliass _
  19) aliass : aliass _ alias

  ALIAS         shift, and go to state 23
  $default      reduce using rule 3 (defx)

  alias         go to state 22

state 18

  10) zones : zones zone _

  $default      reduce using rule 10 (zones)


state 19

  12) zone : ZONE _ NAME ans

  NAME          shift, and go to state 24


state 20

   7) cfg : CFG NAME _ zns

  NAME          shift, and go to state 26

  zns           go to state 25

state 21

   4) effx : EFFECTIVE CFG NAME ezones _
  27) ezones : ezones _ ezone

  ZONE          shift, and go to state 28
  $default      reduce using rule 4 (effx)

  ezone         go to state 27

state 22

  19) aliass : aliass alias _

  $default      reduce using rule 19 (aliass)


state 23

  21) alias : ALIAS _ NAME aps

  NAME          shift, and go to state 29


state 24

  12) zone : ZONE NAME _ ans

  NAME          shift, and go to state 32
  PORT          shift, and go to state 33
  WWPN          shift, and go to state 34
  $default      reduce using rule 15 (ans)

  ans           go to state 30
  an            go to state 31

state 25

   7) cfg : CFG NAME zns _
   8) zns : zns _ ";" NAME

  ";"           shift, and go to state 35
  $default      reduce using rule 7 (cfg)


state 26

   9) zns : NAME _

  $default      reduce using rule 9 (zns)


state 27

  27) ezones : ezones ezone _

  $default      reduce using rule 27 (ezones)


state 28

  29) ezone : ZONE _ NAME ports

  NAME          shift, and go to state 36


state 29

  21) alias : ALIAS NAME _ aps

  PORT          shift, and go to state 39
  WWPN          shift, and go to state 40
  $default      reduce using rule 24 (aps)

  aps           go to state 37
  ap            go to state 38

state 30

  12) zone : ZONE NAME ans _
  13) ans : ans _ ";" an

  ";"           shift, and go to state 41
  $default      reduce using rule 12 (zone)


state 31

  14) ans : an _

  $default      reduce using rule 14 (ans)


state 32

  16) an : NAME _

  $default      reduce using rule 16 (an)


state 33

  17) an : PORT _

  $default      reduce using rule 17 (an)


state 34

  18) an : WWPN _

  $default      reduce using rule 18 (an)


state 35

   8) zns : zns ";" _ NAME

  NAME          shift, and go to state 42


state 36

  29) ezone : ZONE NAME _ ports

  $default      reduce using rule 31 (ports)

  ports         go to state 43

state 37

  21) alias : ALIAS NAME aps _
  22) aps : aps _ ";" ap

  ";"           shift, and go to state 44
  $default      reduce using rule 21 (alias)


state 38

  23) aps : ap _

  $default      reduce using rule 23 (aps)


state 39

  25) ap : PORT _

  $default      reduce using rule 25 (ap)


state 40

  26) ap : WWPN _

  $default      reduce using rule 26 (ap)


state 41

  13) ans : ans ";" _ an

  NAME          shift, and go to state 32
  PORT          shift, and go to state 33
  WWPN          shift, and go to state 34

  an            go to state 45

state 42

   8) zns : zns ";" NAME _

  $default      reduce using rule 8 (zns)


state 43

  29) ezone : ZONE NAME ports _
  30) ports : ports _ port

  PORT          shift, and go to state 47
  WWPN          shift, and go to state 48
  $default      reduce using rule 29 (ezone)

  port          go to state 46

state 44

  22) aps : aps ";" _ ap

  PORT          shift, and go to state 39
  WWPN          shift, and go to state 40

  ap            go to state 49

state 45

  13) ans : ans ";" an _

  $default      reduce using rule 13 (ans)


state 46

  30) ports : ports port _

  $default      reduce using rule 30 (ports)


state 47

  32) port : PORT _

  $default      reduce using rule 32 (port)


state 48

  33) port : WWPN _

  $default      reduce using rule 33 (port)


state 49

  22) aps : aps ";" ap _

  $default      reduce using rule 22 (aps)

